0 info it worked if it ends with ok
1 verbose cli [ 'node',
1 verbose cli   '/usr/local/bin/npm',
1 verbose cli   'install',
1 verbose cli   'grunt-imagemagic',
1 verbose cli   '--save-dev' ]
2 info using npm@1.4.28
3 info using node@v0.10.33
4 warn package.json threeleaf@1.0.0 No README data
5 verbose readDependencies using package.json deps
6 verbose cache add [ 'grunt-imagemagic', null ]
7 verbose cache add name=undefined spec="grunt-imagemagic" args=["grunt-imagemagic",null]
8 verbose parsed url { protocol: null,
8 verbose parsed url   slashes: null,
8 verbose parsed url   auth: null,
8 verbose parsed url   host: null,
8 verbose parsed url   port: null,
8 verbose parsed url   hostname: null,
8 verbose parsed url   hash: null,
8 verbose parsed url   search: null,
8 verbose parsed url   query: null,
8 verbose parsed url   pathname: 'grunt-imagemagic',
8 verbose parsed url   path: 'grunt-imagemagic',
8 verbose parsed url   href: 'grunt-imagemagic' }
9 silly lockFile 0a032522-grunt-imagemagic grunt-imagemagic
10 verbose lock grunt-imagemagic /Users/tonymccallie/.npm/0a032522-grunt-imagemagic.lock
11 silly lockFile 0a032522-grunt-imagemagic grunt-imagemagic
12 silly lockFile 0a032522-grunt-imagemagic grunt-imagemagic
13 verbose addNamed [ 'grunt-imagemagic', '' ]
14 verbose addNamed [ null, '*' ]
15 silly lockFile a6166ca7-grunt-imagemagic grunt-imagemagic@
16 verbose lock grunt-imagemagic@ /Users/tonymccallie/.npm/a6166ca7-grunt-imagemagic.lock
17 silly addNameRange { name: 'grunt-imagemagic', range: '*', hasData: false }
18 verbose request where is /grunt-imagemagic
19 verbose request registry https://registry.npmjs.org/
20 verbose request id afcb239bf1b2d100
21 verbose url raw /grunt-imagemagic
22 verbose url resolving [ 'https://registry.npmjs.org/', './grunt-imagemagic' ]
23 verbose url resolved https://registry.npmjs.org/grunt-imagemagic
24 verbose request where is https://registry.npmjs.org/grunt-imagemagic
25 info trying registry request attempt 1 at 13:10:11
26 http GET https://registry.npmjs.org/grunt-imagemagic
27 http 404 https://registry.npmjs.org/grunt-imagemagic
28 verbose headers { date: 'Mon, 24 Nov 2014 19:10:10 GMT',
28 verbose headers   server: 'CouchDB/1.5.0 (Erlang OTP/R16B03)',
28 verbose headers   'content-type': 'application/json',
28 verbose headers   'cache-control': 'max-age=0',
28 verbose headers   'content-length': '52',
28 verbose headers   'accept-ranges': 'bytes',
28 verbose headers   via: '1.1 varnish',
28 verbose headers   age: '0',
28 verbose headers   'x-served-by': 'cache-dfw1833-DFW',
28 verbose headers   'x-cache': 'MISS',
28 verbose headers   'x-cache-hits': '0',
28 verbose headers   'x-timer': 'S1416856210.580625,VS0,VE63',
28 verbose headers   'keep-alive': 'timeout=10, max=50',
28 verbose headers   connection: 'Keep-Alive' }
29 silly registry.get cb [ 404,
29 silly registry.get   { date: 'Mon, 24 Nov 2014 19:10:10 GMT',
29 silly registry.get     server: 'CouchDB/1.5.0 (Erlang OTP/R16B03)',
29 silly registry.get     'content-type': 'application/json',
29 silly registry.get     'cache-control': 'max-age=0',
29 silly registry.get     'content-length': '52',
29 silly registry.get     'accept-ranges': 'bytes',
29 silly registry.get     via: '1.1 varnish',
29 silly registry.get     age: '0',
29 silly registry.get     'x-served-by': 'cache-dfw1833-DFW',
29 silly registry.get     'x-cache': 'MISS',
29 silly registry.get     'x-cache-hits': '0',
29 silly registry.get     'x-timer': 'S1416856210.580625,VS0,VE63',
29 silly registry.get     'keep-alive': 'timeout=10, max=50',
29 silly registry.get     connection: 'Keep-Alive' } ]
30 silly lockFile a6166ca7-grunt-imagemagic grunt-imagemagic@
31 silly lockFile a6166ca7-grunt-imagemagic grunt-imagemagic@
32 error 404 404 Not Found: grunt-imagemagic
32 error 404
32 error 404 'grunt-imagemagic' is not in the npm registry.
32 error 404 You should bug the author to publish it
32 error 404 It was specified as a dependency of 'threeleaf'
32 error 404
32 error 404 Note that you can also install from a
32 error 404 tarball, folder, or http url, or git url.
33 error System Darwin 14.0.0
34 error command "node" "/usr/local/bin/npm" "install" "grunt-imagemagic" "--save-dev"
35 error cwd /Users/tonymccallie/Sites/threeleaf
36 error node -v v0.10.33
37 error npm -v 1.4.28
38 error code E404
39 verbose exit [ 1, true ]
